7 ESLint rules behave differently from their TSLint counterparts:
  * no-console:
    - Custom console methods, if they exist, will no longer be allowed.
  * space-before-function-paren:
    - Option "constructor" is not supported by ESLint.
    - Option "method" is not supported by ESLint.
  * no-underscore-dangle:
    - Leading or trailing underscores (_) on identifiers will now be forbidden.
  * no-invalid-this:
    - Functions in methods will no longer be ignored.
  * @typescript-eslint/no-unused-expressions:
    - The TSLint optional config "allow-new" is the default ESLint behavior and will no longer be ignored.
  * prefer-arrow/prefer-arrow-functions:
    - ESLint does not support allowing standalone function declarations.
    - ESLint does not support allowing named functions defined with the function keyword.
  * eqeqeq:
    - Option "smart" allows for comparing two literal values, evaluating the value of typeof and null comparisons.

Could not resolve ESLint extension 'plugin:@angular-eslint/recommended'.: Error: Cannot find module 'C:\Users\magen\Documents\Projects\Senior-Project-Typing-Test\plugin:@angular-eslint\recommended'
Require stack:
- C:\Users\magen\AppData\Roaming\npm-cache\_npx\3348\node_modules\tslint-to-eslint-config\src\adapters\nativeImporter.js
- C:\Users\magen\AppData\Roaming\npm-cache\_npx\3348\node_modules\tslint-to-eslint-config\src\cli\main.js
- C:\Users\magen\AppData\Roaming\npm-cache\_npx\3348\node_modules\tslint-to-eslint-config\bin\tslint-to-eslint-config
    at Function.Module._resolveFilename (internal/modules/cjs/loader.js:965:15)
    at Function.Module._load (internal/modules/cjs/loader.js:841:27)
    at Module.require (internal/modules/cjs/loader.js:1025:19)
    at require (internal/modules/cjs/helpers.js:72:18)
    at C:\Users\magen\AppData\Roaming\npm-cache\_npx\3348\node_modules\tslint-to-eslint-config\src\adapters\nativeImporter.js:25:64
    at processTicksAndRejections (internal/process/task_queues.js:97:5)
    at async Object.exports.nativeImporter (C:\Users\magen\AppData\Roaming\npm-cache\_npx\3348\node_modules\tslint-to-eslint-config\src\adapters\nativeImporter.js:25:16)
    at async importFile (C:\Users\magen\AppData\Roaming\npm-cache\_npx\3348\node_modules\tslint-to-eslint-config\src\input\importer.js:32:20)
    at async exports.importer (C:\Users\magen\AppData\Roaming\npm-cache\_npx\3348\node_modules\tslint-to-eslint-config\src\input\importer.js:50:28)
    at async C:\Users\magen\AppData\Roaming\npm-cache\_npx\3348\node_modules\tslint-to-eslint-config\src\creation\summarization\retrieveExtendsValues.js:51:26


3 rules are not known by tslint-to-eslint-config to have ESLint equivalents:
  * tslint-to-eslint-config does not know the ESLint equivalent for TSLint's "import-spacing".
  * tslint-to-eslint-config does not know the ESLint equivalent for TSLint's "typedef".
  * tslint-to-eslint-config does not know the ESLint equivalent for TSLint's "whitespace".

